e:\study\cg\works\graphicsengine\qzraytracer-gpu\x64\release\vc143.pdb
e:\study\cg\works\graphicsengine\qzraytracer-gpu\x64\release\sphere.obj
e:\study\cg\works\graphicsengine\qzraytracer-gpu\x64\release\shapelist.obj
e:\study\cg\works\graphicsengine\qzraytracer-gpu\x64\release\cylinder.obj
e:\study\cg\works\graphicsengine\qzraytracer-gpu\x64\release\metal.obj
e:\study\cg\works\graphicsengine\qzraytracer-gpu\x64\release\lambertian.obj
e:\study\cg\works\graphicsengine\qzraytracer-gpu\x64\release\dielectric.obj
e:\study\cg\works\graphicsengine\qzraytracer-gpu\x64\release\shape.obj
e:\study\cg\works\graphicsengine\qzraytracer-gpu\x64\release\paramset.obj
e:\study\cg\works\graphicsengine\qzraytracer-gpu\x64\release\material.obj
e:\study\cg\works\graphicsengine\qzraytracer-gpu\x64\release\geometry.obj
e:\study\cg\works\graphicsengine\qzraytracer-gpu\x64\release\camera.obj
e:\study\cg\works\graphicsengine\qzraytracer-gpu\x64\release\api.obj
e:\study\cg\works\graphicsengine\qzraytracer-gpu\x64\release\qzraytracer.cu.obj
e:\study\cg\works\graphicsengine\x64\release\qzraytracer-gpu.lib
e:\study\cg\works\graphicsengine\x64\release\qzraytracer-gpu.exp
e:\study\cg\works\graphicsengine\qzraytracer-gpu\x64\release\qzraytracer.cu.cache
e:\study\cg\works\graphicsengine\qzraytracer-gpu\x64\release\qzraytracer-gpu.ipdb
e:\study\cg\works\graphicsengine\qzraytracer-gpu\x64\release\qzraytracer-gpu.iobj
e:\study\cg\works\graphicsengine\x64\release\qzraytracer-gpu.pdb
e:\study\cg\works\graphicsengine\qzraytracer-gpu\x64\release\qzraytracer-gpu.tlog\cl.command.1.tlog
e:\study\cg\works\graphicsengine\qzraytracer-gpu\x64\release\qzraytracer-gpu.tlog\cl.read.1.tlog
e:\study\cg\works\graphicsengine\qzraytracer-gpu\x64\release\qzraytracer-gpu.tlog\cl.write.1.tlog
e:\study\cg\works\graphicsengine\qzraytracer-gpu\x64\release\qzraytracer-gpu.tlog\cudacompile.read.1u.tlog
e:\study\cg\works\graphicsengine\qzraytracer-gpu\x64\release\qzraytracer-gpu.tlog\cudacompile.write.1u.tlog
e:\study\cg\works\graphicsengine\qzraytracer-gpu\x64\release\qzraytracer-gpu.tlog\link.command.1.tlog
e:\study\cg\works\graphicsengine\qzraytracer-gpu\x64\release\qzraytracer-gpu.tlog\link.read.1.tlog
e:\study\cg\works\graphicsengine\qzraytracer-gpu\x64\release\qzraytracer-gpu.tlog\link.write.1.tlog
e:\study\cg\works\graphicsengine\qzraytracer-gpu\x64\release\qzraytracer-gpu.tlog\qzraytracer-gpu.write.1u.tlog
