  api.cpp
E:\Study\CG\GraphicsEngine\QZRayTracer-GPU\src\core\QZRayTracer.h(65,68): warning C4305: “初始化”: 从“double”到“const raytracer::Float”截断
E:\Study\CG\GraphicsEngine\QZRayTracer-GPU\src\core\QZRayTracer.h(66,71): warning C4305: “初始化”: 从“double”到“const raytracer::Float”截断
E:\Study\CG\GraphicsEngine\QZRayTracer-GPU\src\core\QZRayTracer.h(67,72): warning C4305: “初始化”: 从“double”到“const raytracer::Float”截断
E:\Study\CG\GraphicsEngine\QZRayTracer-GPU\src\core\QZRayTracer.h(68,72): warning C4305: “初始化”: 从“double”到“const raytracer::Float”截断
E:\Study\CG\GraphicsEngine\QZRayTracer-GPU\src\core\QZRayTracer.h(69,73): warning C4305: “初始化”: 从“double”到“const raytracer::Float”截断
E:\Study\CG\GraphicsEngine\QZRayTracer-GPU\src\core\QZRayTracer.h(70,73): warning C4305: “初始化”: 从“double”到“const raytracer::Float”截断
E:\Study\CG\GraphicsEngine\QZRayTracer-GPU\src\core\QZRayTracer.h(71,71): warning C4305: “初始化”: 从“double”到“const raytracer::Float”截断
E:\Study\CG\GraphicsEngine\QZRayTracer-GPU\src\core\QZRayTracer.h(72,77): warning C4305: “初始化”: 从“double”到“const raytracer::Float”截断
E:\Study\CG\GraphicsEngine\QZRayTracer-GPU\src\core\QZRayTracer.h(73,76): warning C4305: “初始化”: 从“double”到“const raytracer::Float”截断
E:\Study\CG\GraphicsEngine\QZRayTracer-GPU\src\core\QZRayTracer.h(74,58): warning C4305: “初始化”: 从“double”到“const raytracer::Float”截断
E:\Study\CG\GraphicsEngine\QZRayTracer-GPU\src\core\QZRayTracer.h(92,13): warning C4244: “=”: 从“double”转换到“raytracer::Float”，可能丢失数据
E:\Study\CG\GraphicsEngine\QZRayTracer-GPU\src\core\QZRayTracer.h(94,13): warning C4244: “=”: 从“double”转换到“raytracer::Float”，可能丢失数据
E:\Study\CG\GraphicsEngine\QZRayTracer-GPU\src\core\material.h(62,13): warning C4244: “return”: 从“double”转换到“raytracer::Float”，可能丢失数据
E:\Study\CG\GraphicsEngine\QZRayTracer-GPU\src\core\camera.h(25,34): warning C4244: “参数”: 从“double”转换到“float”，可能丢失数据
E:\Study\CG\GraphicsEngine\QZRayTracer-GPU\src\core\camera.h(28,30): warning C4244: “参数”: 从“double”转换到“T”，可能丢失数据
          with
          [
              T=raytracer::Float
          ]
E:\Study\CG\GraphicsEngine\QZRayTracer-GPU\src\core\camera.h(29,33): warning C4244: “参数”: 从“double”转换到“T”，可能丢失数据
          with
          [
              T=raytracer::Float
          ]
E:\Study\CG\GraphicsEngine\QZRayTracer-GPU\src\core\camera.h(43,34): warning C4244: “参数”: 从“double”转换到“float”，可能丢失数据
E:\Study\CG\GraphicsEngine\QZRayTracer-GPU\src\core\camera.h(65,26): warning C4244: “=”: 从“double”转换到“raytracer::Float”，可能丢失数据
E:\Study\CG\GraphicsEngine\QZRayTracer-GPU\src\core\camera.h(67,21): warning C4244: “初始化”: 从“double”转换到“raytracer::Float”，可能丢失数据
E:\Study\CG\GraphicsEngine\QZRayTracer-GPU\src\core\paramset.h(18,23): warning C4099: “raytracer::RendererSet”: 类型名称以前使用“struct”现在使用的是“class”
E:\Study\CG\GraphicsEngine\QZRayTracer-GPU\src\core\paramset.h(18): message : 参见“raytracer::RendererSet”的声明
E:\Study\CG\GraphicsEngine\QZRayTracer-GPU\src\shape\cylinder.h(20,20): warning C4244: “=”: 从“double”转换到“raytracer::Float”，可能丢失数据
E:\Study\CG\GraphicsEngine\QZRayTracer-GPU\src\core\geometry.h(670,25): warning C4244: “参数”: 从“double”转换到“T”，可能丢失数据
          with
          [
              T=raytracer::Float
          ]
E:\Study\CG\GraphicsEngine\QZRayTracer-GPU\src\core\camera.h(47): message : 查看对正在编译的函数 模板 实例化“raytracer::Vector3<raytracer::Float> raytracer::Cross<raytracer::Float>(const raytracer::Vector3<raytracer::Float> &,const raytracer::Vector3<raytracer::Float> &)”的引用
E:\Study\CG\GraphicsEngine\QZRayTracer-GPU\src\core\geometry.h(669,66): warning C4244: “参数”: 从“double”转换到“T”，可能丢失数据
          with
          [
              T=raytracer::Float
          ]
E:\Study\CG\GraphicsEngine\QZRayTracer-GPU\src\core\geometry.h(669,39): warning C4244: “参数”: 从“double”转换到“T”，可能丢失数据
          with
          [
              T=raytracer::Float
          ]
  camera.cpp
E:\Study\CG\GraphicsEngine\QZRayTracer-GPU\src\core\QZRayTracer.h(65,68): warning C4305: “初始化”: 从“double”到“const raytracer::Float”截断
E:\Study\CG\GraphicsEngine\QZRayTracer-GPU\src\core\QZRayTracer.h(66,71): warning C4305: “初始化”: 从“double”到“const raytracer::Float”截断
E:\Study\CG\GraphicsEngine\QZRayTracer-GPU\src\core\QZRayTracer.h(67,72): warning C4305: “初始化”: 从“double”到“const raytracer::Float”截断
E:\Study\CG\GraphicsEngine\QZRayTracer-GPU\src\core\QZRayTracer.h(68,72): warning C4305: “初始化”: 从“double”到“const raytracer::Float”截断
E:\Study\CG\GraphicsEngine\QZRayTracer-GPU\src\core\QZRayTracer.h(69,73): warning C4305: “初始化”: 从“double”到“const raytracer::Float”截断
E:\Study\CG\GraphicsEngine\QZRayTracer-GPU\src\core\QZRayTracer.h(70,73): warning C4305: “初始化”: 从“double”到“const raytracer::Float”截断
E:\Study\CG\GraphicsEngine\QZRayTracer-GPU\src\core\QZRayTracer.h(71,71): warning C4305: “初始化”: 从“double”到“const raytracer::Float”截断
E:\Study\CG\GraphicsEngine\QZRayTracer-GPU\src\core\QZRayTracer.h(72,77): warning C4305: “初始化”: 从“double”到“const raytracer::Float”截断
E:\Study\CG\GraphicsEngine\QZRayTracer-GPU\src\core\QZRayTracer.h(73,76): warning C4305: “初始化”: 从“double”到“const raytracer::Float”截断
E:\Study\CG\GraphicsEngine\QZRayTracer-GPU\src\core\QZRayTracer.h(74,58): warning C4305: “初始化”: 从“double”到“const raytracer::Float”截断
E:\Study\CG\GraphicsEngine\QZRayTracer-GPU\src\core\QZRayTracer.h(92,13): warning C4244: “=”: 从“double”转换到“raytracer::Float”，可能丢失数据
E:\Study\CG\GraphicsEngine\QZRayTracer-GPU\src\core\QZRayTracer.h(94,13): warning C4244: “=”: 从“double”转换到“raytracer::Float”，可能丢失数据
E:\Study\CG\GraphicsEngine\QZRayTracer-GPU\src\core\camera.h(25,34): warning C4244: “参数”: 从“double”转换到“float”，可能丢失数据
E:\Study\CG\GraphicsEngine\QZRayTracer-GPU\src\core\camera.h(28,30): warning C4244: “参数”: 从“double”转换到“T”，可能丢失数据
          with
          [
              T=raytracer::Float
          ]
E:\Study\CG\GraphicsEngine\QZRayTracer-GPU\src\core\camera.h(29,33): warning C4244: “参数”: 从“double”转换到“T”，可能丢失数据
          with
          [
              T=raytracer::Float
          ]
E:\Study\CG\GraphicsEngine\QZRayTracer-GPU\src\core\camera.h(43,34): warning C4244: “参数”: 从“double”转换到“float”，可能丢失数据
E:\Study\CG\GraphicsEngine\QZRayTracer-GPU\src\core\camera.h(65,26): warning C4244: “=”: 从“double”转换到“raytracer::Float”，可能丢失数据
E:\Study\CG\GraphicsEngine\QZRayTracer-GPU\src\core\camera.h(67,21): warning C4244: “初始化”: 从“double”转换到“raytracer::Float”，可能丢失数据
E:\Study\CG\GraphicsEngine\QZRayTracer-GPU\src\core\geometry.h(670,25): warning C4244: “参数”: 从“double”转换到“T”，可能丢失数据
          with
          [
              T=raytracer::Float
          ]
E:\Study\CG\GraphicsEngine\QZRayTracer-GPU\src\core\camera.h(47): message : 查看对正在编译的函数 模板 实例化“raytracer::Vector3<raytracer::Float> raytracer::Cross<raytracer::Float>(const raytracer::Vector3<raytracer::Float> &,const raytracer::Vector3<raytracer::Float> &)”的引用
E:\Study\CG\GraphicsEngine\QZRayTracer-GPU\src\core\geometry.h(669,66): warning C4244: “参数”: 从“double”转换到“T”，可能丢失数据
          with
          [
              T=raytracer::Float
          ]
E:\Study\CG\GraphicsEngine\QZRayTracer-GPU\src\core\geometry.h(669,39): warning C4244: “参数”: 从“double”转换到“T”，可能丢失数据
          with
          [
              T=raytracer::Float
          ]
  geometry.cpp
E:\Study\CG\GraphicsEngine\QZRayTracer-GPU\src\core\QZRayTracer.h(65,68): warning C4305: “初始化”: 从“double”到“const raytracer::Float”截断
E:\Study\CG\GraphicsEngine\QZRayTracer-GPU\src\core\QZRayTracer.h(66,71): warning C4305: “初始化”: 从“double”到“const raytracer::Float”截断
E:\Study\CG\GraphicsEngine\QZRayTracer-GPU\src\core\QZRayTracer.h(67,72): warning C4305: “初始化”: 从“double”到“const raytracer::Float”截断
E:\Study\CG\GraphicsEngine\QZRayTracer-GPU\src\core\QZRayTracer.h(68,72): warning C4305: “初始化”: 从“double”到“const raytracer::Float”截断
E:\Study\CG\GraphicsEngine\QZRayTracer-GPU\src\core\QZRayTracer.h(69,73): warning C4305: “初始化”: 从“double”到“const raytracer::Float”截断
E:\Study\CG\GraphicsEngine\QZRayTracer-GPU\src\core\QZRayTracer.h(70,73): warning C4305: “初始化”: 从“double”到“const raytracer::Float”截断
E:\Study\CG\GraphicsEngine\QZRayTracer-GPU\src\core\QZRayTracer.h(71,71): warning C4305: “初始化”: 从“double”到“const raytracer::Float”截断
E:\Study\CG\GraphicsEngine\QZRayTracer-GPU\src\core\QZRayTracer.h(72,77): warning C4305: “初始化”: 从“double”到“const raytracer::Float”截断
E:\Study\CG\GraphicsEngine\QZRayTracer-GPU\src\core\QZRayTracer.h(73,76): warning C4305: “初始化”: 从“double”到“const raytracer::Float”截断
E:\Study\CG\GraphicsEngine\QZRayTracer-GPU\src\core\QZRayTracer.h(74,58): warning C4305: “初始化”: 从“double”到“const raytracer::Float”截断
E:\Study\CG\GraphicsEngine\QZRayTracer-GPU\src\core\QZRayTracer.h(92,13): warning C4244: “=”: 从“double”转换到“raytracer::Float”，可能丢失数据
E:\Study\CG\GraphicsEngine\QZRayTracer-GPU\src\core\QZRayTracer.h(94,13): warning C4244: “=”: 从“double”转换到“raytracer::Float”，可能丢失数据
  material.cpp
E:\Study\CG\GraphicsEngine\QZRayTracer-GPU\src\core\QZRayTracer.h(65,68): warning C4305: “初始化”: 从“double”到“const raytracer::Float”截断
E:\Study\CG\GraphicsEngine\QZRayTracer-GPU\src\core\QZRayTracer.h(66,71): warning C4305: “初始化”: 从“double”到“const raytracer::Float”截断
E:\Study\CG\GraphicsEngine\QZRayTracer-GPU\src\core\QZRayTracer.h(67,72): warning C4305: “初始化”: 从“double”到“const raytracer::Float”截断
E:\Study\CG\GraphicsEngine\QZRayTracer-GPU\src\core\QZRayTracer.h(68,72): warning C4305: “初始化”: 从“double”到“const raytracer::Float”截断
E:\Study\CG\GraphicsEngine\QZRayTracer-GPU\src\core\QZRayTracer.h(69,73): warning C4305: “初始化”: 从“double”到“const raytracer::Float”截断
E:\Study\CG\GraphicsEngine\QZRayTracer-GPU\src\core\QZRayTracer.h(70,73): warning C4305: “初始化”: 从“double”到“const raytracer::Float”截断
E:\Study\CG\GraphicsEngine\QZRayTracer-GPU\src\core\QZRayTracer.h(71,71): warning C4305: “初始化”: 从“double”到“const raytracer::Float”截断
E:\Study\CG\GraphicsEngine\QZRayTracer-GPU\src\core\QZRayTracer.h(72,77): warning C4305: “初始化”: 从“double”到“const raytracer::Float”截断
E:\Study\CG\GraphicsEngine\QZRayTracer-GPU\src\core\QZRayTracer.h(73,76): warning C4305: “初始化”: 从“double”到“const raytracer::Float”截断
E:\Study\CG\GraphicsEngine\QZRayTracer-GPU\src\core\QZRayTracer.h(74,58): warning C4305: “初始化”: 从“double”到“const raytracer::Float”截断
E:\Study\CG\GraphicsEngine\QZRayTracer-GPU\src\core\QZRayTracer.h(92,13): warning C4244: “=”: 从“double”转换到“raytracer::Float”，可能丢失数据
E:\Study\CG\GraphicsEngine\QZRayTracer-GPU\src\core\QZRayTracer.h(94,13): warning C4244: “=”: 从“double”转换到“raytracer::Float”，可能丢失数据
E:\Study\CG\GraphicsEngine\QZRayTracer-GPU\src\core\material.h(62,13): warning C4244: “return”: 从“double”转换到“raytracer::Float”，可能丢失数据
  paramset.cpp
E:\Study\CG\GraphicsEngine\QZRayTracer-GPU\src\core\QZRayTracer.h(65,68): warning C4305: “初始化”: 从“double”到“const raytracer::Float”截断
E:\Study\CG\GraphicsEngine\QZRayTracer-GPU\src\core\QZRayTracer.h(66,71): warning C4305: “初始化”: 从“double”到“const raytracer::Float”截断
E:\Study\CG\GraphicsEngine\QZRayTracer-GPU\src\core\QZRayTracer.h(67,72): warning C4305: “初始化”: 从“double”到“const raytracer::Float”截断
E:\Study\CG\GraphicsEngine\QZRayTracer-GPU\src\core\QZRayTracer.h(68,72): warning C4305: “初始化”: 从“double”到“const raytracer::Float”截断
E:\Study\CG\GraphicsEngine\QZRayTracer-GPU\src\core\QZRayTracer.h(69,73): warning C4305: “初始化”: 从“double”到“const raytracer::Float”截断
E:\Study\CG\GraphicsEngine\QZRayTracer-GPU\src\core\QZRayTracer.h(70,73): warning C4305: “初始化”: 从“double”到“const raytracer::Float”截断
E:\Study\CG\GraphicsEngine\QZRayTracer-GPU\src\core\QZRayTracer.h(71,71): warning C4305: “初始化”: 从“double”到“const raytracer::Float”截断
E:\Study\CG\GraphicsEngine\QZRayTracer-GPU\src\core\QZRayTracer.h(72,77): warning C4305: “初始化”: 从“double”到“const raytracer::Float”截断
E:\Study\CG\GraphicsEngine\QZRayTracer-GPU\src\core\QZRayTracer.h(73,76): warning C4305: “初始化”: 从“double”到“const raytracer::Float”截断
E:\Study\CG\GraphicsEngine\QZRayTracer-GPU\src\core\QZRayTracer.h(74,58): warning C4305: “初始化”: 从“double”到“const raytracer::Float”截断
E:\Study\CG\GraphicsEngine\QZRayTracer-GPU\src\core\QZRayTracer.h(92,13): warning C4244: “=”: 从“double”转换到“raytracer::Float”，可能丢失数据
E:\Study\CG\GraphicsEngine\QZRayTracer-GPU\src\core\QZRayTracer.h(94,13): warning C4244: “=”: 从“double”转换到“raytracer::Float”，可能丢失数据
E:\Study\CG\GraphicsEngine\QZRayTracer-GPU\src\core\camera.h(25,34): warning C4244: “参数”: 从“double”转换到“float”，可能丢失数据
E:\Study\CG\GraphicsEngine\QZRayTracer-GPU\src\core\camera.h(28,30): warning C4244: “参数”: 从“double”转换到“T”，可能丢失数据
          with
          [
              T=raytracer::Float
          ]
E:\Study\CG\GraphicsEngine\QZRayTracer-GPU\src\core\camera.h(29,33): warning C4244: “参数”: 从“double”转换到“T”，可能丢失数据
          with
          [
              T=raytracer::Float
          ]
E:\Study\CG\GraphicsEngine\QZRayTracer-GPU\src\core\camera.h(43,34): warning C4244: “参数”: 从“double”转换到“float”，可能丢失数据
E:\Study\CG\GraphicsEngine\QZRayTracer-GPU\src\core\camera.h(65,26): warning C4244: “=”: 从“double”转换到“raytracer::Float”，可能丢失数据
E:\Study\CG\GraphicsEngine\QZRayTracer-GPU\src\core\camera.h(67,21): warning C4244: “初始化”: 从“double”转换到“raytracer::Float”，可能丢失数据
E:\Study\CG\GraphicsEngine\QZRayTracer-GPU\src\core\paramset.h(18,23): warning C4099: “raytracer::RendererSet”: 类型名称以前使用“struct”现在使用的是“class”
E:\Study\CG\GraphicsEngine\QZRayTracer-GPU\src\core\paramset.h(18): message : 参见“raytracer::RendererSet”的声明
E:\Study\CG\GraphicsEngine\QZRayTracer-GPU\src\core\geometry.h(670,25): warning C4244: “参数”: 从“double”转换到“T”，可能丢失数据
          with
          [
              T=raytracer::Float
          ]
E:\Study\CG\GraphicsEngine\QZRayTracer-GPU\src\core\camera.h(47): message : 查看对正在编译的函数 模板 实例化“raytracer::Vector3<raytracer::Float> raytracer::Cross<raytracer::Float>(const raytracer::Vector3<raytracer::Float> &,const raytracer::Vector3<raytracer::Float> &)”的引用
E:\Study\CG\GraphicsEngine\QZRayTracer-GPU\src\core\geometry.h(669,66): warning C4244: “参数”: 从“double”转换到“T”，可能丢失数据
          with
          [
              T=raytracer::Float
          ]
E:\Study\CG\GraphicsEngine\QZRayTracer-GPU\src\core\geometry.h(669,39): warning C4244: “参数”: 从“double”转换到“T”，可能丢失数据
          with
          [
              T=raytracer::Float
          ]
  scene.cpp
E:\Study\CG\GraphicsEngine\QZRayTracer-GPU\src\core\QZRayTracer.h(65,68): warning C4305: “初始化”: 从“double”到“const raytracer::Float”截断
E:\Study\CG\GraphicsEngine\QZRayTracer-GPU\src\core\QZRayTracer.h(66,71): warning C4305: “初始化”: 从“double”到“const raytracer::Float”截断
E:\Study\CG\GraphicsEngine\QZRayTracer-GPU\src\core\QZRayTracer.h(67,72): warning C4305: “初始化”: 从“double”到“const raytracer::Float”截断
E:\Study\CG\GraphicsEngine\QZRayTracer-GPU\src\core\QZRayTracer.h(68,72): warning C4305: “初始化”: 从“double”到“const raytracer::Float”截断
E:\Study\CG\GraphicsEngine\QZRayTracer-GPU\src\core\QZRayTracer.h(69,73): warning C4305: “初始化”: 从“double”到“const raytracer::Float”截断
E:\Study\CG\GraphicsEngine\QZRayTracer-GPU\src\core\QZRayTracer.h(70,73): warning C4305: “初始化”: 从“double”到“const raytracer::Float”截断
E:\Study\CG\GraphicsEngine\QZRayTracer-GPU\src\core\QZRayTracer.h(71,71): warning C4305: “初始化”: 从“double”到“const raytracer::Float”截断
E:\Study\CG\GraphicsEngine\QZRayTracer-GPU\src\core\QZRayTracer.h(72,77): warning C4305: “初始化”: 从“double”到“const raytracer::Float”截断
E:\Study\CG\GraphicsEngine\QZRayTracer-GPU\src\core\QZRayTracer.h(73,76): warning C4305: “初始化”: 从“double”到“const raytracer::Float”截断
E:\Study\CG\GraphicsEngine\QZRayTracer-GPU\src\core\QZRayTracer.h(74,58): warning C4305: “初始化”: 从“double”到“const raytracer::Float”截断
E:\Study\CG\GraphicsEngine\QZRayTracer-GPU\src\core\QZRayTracer.h(92,13): warning C4244: “=”: 从“double”转换到“raytracer::Float”，可能丢失数据
E:\Study\CG\GraphicsEngine\QZRayTracer-GPU\src\core\QZRayTracer.h(94,13): warning C4244: “=”: 从“double”转换到“raytracer::Float”，可能丢失数据
  shape.cpp
E:\Study\CG\GraphicsEngine\QZRayTracer-GPU\src\core\QZRayTracer.h(65,68): warning C4305: “初始化”: 从“double”到“const raytracer::Float”截断
E:\Study\CG\GraphicsEngine\QZRayTracer-GPU\src\core\QZRayTracer.h(66,71): warning C4305: “初始化”: 从“double”到“const raytracer::Float”截断
E:\Study\CG\GraphicsEngine\QZRayTracer-GPU\src\core\QZRayTracer.h(67,72): warning C4305: “初始化”: 从“double”到“const raytracer::Float”截断
E:\Study\CG\GraphicsEngine\QZRayTracer-GPU\src\core\QZRayTracer.h(68,72): warning C4305: “初始化”: 从“double”到“const raytracer::Float”截断
E:\Study\CG\GraphicsEngine\QZRayTracer-GPU\src\core\QZRayTracer.h(69,73): warning C4305: “初始化”: 从“double”到“const raytracer::Float”截断
E:\Study\CG\GraphicsEngine\QZRayTracer-GPU\src\core\QZRayTracer.h(70,73): warning C4305: “初始化”: 从“double”到“const raytracer::Float”截断
E:\Study\CG\GraphicsEngine\QZRayTracer-GPU\src\core\QZRayTracer.h(71,71): warning C4305: “初始化”: 从“double”到“const raytracer::Float”截断
E:\Study\CG\GraphicsEngine\QZRayTracer-GPU\src\core\QZRayTracer.h(72,77): warning C4305: “初始化”: 从“double”到“const raytracer::Float”截断
E:\Study\CG\GraphicsEngine\QZRayTracer-GPU\src\core\QZRayTracer.h(73,76): warning C4305: “初始化”: 从“double”到“const raytracer::Float”截断
E:\Study\CG\GraphicsEngine\QZRayTracer-GPU\src\core\QZRayTracer.h(74,58): warning C4305: “初始化”: 从“double”到“const raytracer::Float”截断
E:\Study\CG\GraphicsEngine\QZRayTracer-GPU\src\core\QZRayTracer.h(92,13): warning C4244: “=”: 从“double”转换到“raytracer::Float”，可能丢失数据
E:\Study\CG\GraphicsEngine\QZRayTracer-GPU\src\core\QZRayTracer.h(94,13): warning C4244: “=”: 从“double”转换到“raytracer::Float”，可能丢失数据
  dielectric.cpp
E:\Study\CG\GraphicsEngine\QZRayTracer-GPU\src\core\QZRayTracer.h(65,68): warning C4305: “初始化”: 从“double”到“const raytracer::Float”截断
E:\Study\CG\GraphicsEngine\QZRayTracer-GPU\src\core\QZRayTracer.h(66,71): warning C4305: “初始化”: 从“double”到“const raytracer::Float”截断
E:\Study\CG\GraphicsEngine\QZRayTracer-GPU\src\core\QZRayTracer.h(67,72): warning C4305: “初始化”: 从“double”到“const raytracer::Float”截断
E:\Study\CG\GraphicsEngine\QZRayTracer-GPU\src\core\QZRayTracer.h(68,72): warning C4305: “初始化”: 从“double”到“const raytracer::Float”截断
E:\Study\CG\GraphicsEngine\QZRayTracer-GPU\src\core\QZRayTracer.h(69,73): warning C4305: “初始化”: 从“double”到“const raytracer::Float”截断
E:\Study\CG\GraphicsEngine\QZRayTracer-GPU\src\core\QZRayTracer.h(70,73): warning C4305: “初始化”: 从“double”到“const raytracer::Float”截断
E:\Study\CG\GraphicsEngine\QZRayTracer-GPU\src\core\QZRayTracer.h(71,71): warning C4305: “初始化”: 从“double”到“const raytracer::Float”截断
E:\Study\CG\GraphicsEngine\QZRayTracer-GPU\src\core\QZRayTracer.h(72,77): warning C4305: “初始化”: 从“double”到“const raytracer::Float”截断
E:\Study\CG\GraphicsEngine\QZRayTracer-GPU\src\core\QZRayTracer.h(73,76): warning C4305: “初始化”: 从“double”到“const raytracer::Float”截断
E:\Study\CG\GraphicsEngine\QZRayTracer-GPU\src\core\QZRayTracer.h(74,58): warning C4305: “初始化”: 从“double”到“const raytracer::Float”截断
E:\Study\CG\GraphicsEngine\QZRayTracer-GPU\src\core\QZRayTracer.h(92,13): warning C4244: “=”: 从“double”转换到“raytracer::Float”，可能丢失数据
E:\Study\CG\GraphicsEngine\QZRayTracer-GPU\src\core\QZRayTracer.h(94,13): warning C4244: “=”: 从“double”转换到“raytracer::Float”，可能丢失数据
E:\Study\CG\GraphicsEngine\QZRayTracer-GPU\src\core\material.h(62,13): warning C4244: “return”: 从“double”转换到“raytracer::Float”，可能丢失数据
  lambertian.cpp
E:\Study\CG\GraphicsEngine\QZRayTracer-GPU\src\core\QZRayTracer.h(65,68): warning C4305: “初始化”: 从“double”到“const raytracer::Float”截断
E:\Study\CG\GraphicsEngine\QZRayTracer-GPU\src\core\QZRayTracer.h(66,71): warning C4305: “初始化”: 从“double”到“const raytracer::Float”截断
E:\Study\CG\GraphicsEngine\QZRayTracer-GPU\src\core\QZRayTracer.h(67,72): warning C4305: “初始化”: 从“double”到“const raytracer::Float”截断
E:\Study\CG\GraphicsEngine\QZRayTracer-GPU\src\core\QZRayTracer.h(68,72): warning C4305: “初始化”: 从“double”到“const raytracer::Float”截断
E:\Study\CG\GraphicsEngine\QZRayTracer-GPU\src\core\QZRayTracer.h(69,73): warning C4305: “初始化”: 从“double”到“const raytracer::Float”截断
E:\Study\CG\GraphicsEngine\QZRayTracer-GPU\src\core\QZRayTracer.h(70,73): warning C4305: “初始化”: 从“double”到“const raytracer::Float”截断
E:\Study\CG\GraphicsEngine\QZRayTracer-GPU\src\core\QZRayTracer.h(71,71): warning C4305: “初始化”: 从“double”到“const raytracer::Float”截断
E:\Study\CG\GraphicsEngine\QZRayTracer-GPU\src\core\QZRayTracer.h(72,77): warning C4305: “初始化”: 从“double”到“const raytracer::Float”截断
E:\Study\CG\GraphicsEngine\QZRayTracer-GPU\src\core\QZRayTracer.h(73,76): warning C4305: “初始化”: 从“double”到“const raytracer::Float”截断
E:\Study\CG\GraphicsEngine\QZRayTracer-GPU\src\core\QZRayTracer.h(74,58): warning C4305: “初始化”: 从“double”到“const raytracer::Float”截断
E:\Study\CG\GraphicsEngine\QZRayTracer-GPU\src\core\QZRayTracer.h(92,13): warning C4244: “=”: 从“double”转换到“raytracer::Float”，可能丢失数据
E:\Study\CG\GraphicsEngine\QZRayTracer-GPU\src\core\QZRayTracer.h(94,13): warning C4244: “=”: 从“double”转换到“raytracer::Float”，可能丢失数据
E:\Study\CG\GraphicsEngine\QZRayTracer-GPU\src\core\material.h(62,13): warning C4244: “return”: 从“double”转换到“raytracer::Float”，可能丢失数据
  metal.cpp
E:\Study\CG\GraphicsEngine\QZRayTracer-GPU\src\core\QZRayTracer.h(65,68): warning C4305: “初始化”: 从“double”到“const raytracer::Float”截断
E:\Study\CG\GraphicsEngine\QZRayTracer-GPU\src\core\QZRayTracer.h(66,71): warning C4305: “初始化”: 从“double”到“const raytracer::Float”截断
E:\Study\CG\GraphicsEngine\QZRayTracer-GPU\src\core\QZRayTracer.h(67,72): warning C4305: “初始化”: 从“double”到“const raytracer::Float”截断
E:\Study\CG\GraphicsEngine\QZRayTracer-GPU\src\core\QZRayTracer.h(68,72): warning C4305: “初始化”: 从“double”到“const raytracer::Float”截断
E:\Study\CG\GraphicsEngine\QZRayTracer-GPU\src\core\QZRayTracer.h(69,73): warning C4305: “初始化”: 从“double”到“const raytracer::Float”截断
E:\Study\CG\GraphicsEngine\QZRayTracer-GPU\src\core\QZRayTracer.h(70,73): warning C4305: “初始化”: 从“double”到“const raytracer::Float”截断
E:\Study\CG\GraphicsEngine\QZRayTracer-GPU\src\core\QZRayTracer.h(71,71): warning C4305: “初始化”: 从“double”到“const raytracer::Float”截断
E:\Study\CG\GraphicsEngine\QZRayTracer-GPU\src\core\QZRayTracer.h(72,77): warning C4305: “初始化”: 从“double”到“const raytracer::Float”截断
E:\Study\CG\GraphicsEngine\QZRayTracer-GPU\src\core\QZRayTracer.h(73,76): warning C4305: “初始化”: 从“double”到“const raytracer::Float”截断
E:\Study\CG\GraphicsEngine\QZRayTracer-GPU\src\core\QZRayTracer.h(74,58): warning C4305: “初始化”: 从“double”到“const raytracer::Float”截断
E:\Study\CG\GraphicsEngine\QZRayTracer-GPU\src\core\QZRayTracer.h(92,13): warning C4244: “=”: 从“double”转换到“raytracer::Float”，可能丢失数据
E:\Study\CG\GraphicsEngine\QZRayTracer-GPU\src\core\QZRayTracer.h(94,13): warning C4244: “=”: 从“double”转换到“raytracer::Float”，可能丢失数据
E:\Study\CG\GraphicsEngine\QZRayTracer-GPU\src\core\material.h(62,13): warning C4244: “return”: 从“double”转换到“raytracer::Float”，可能丢失数据
  cylinder.cpp
E:\Study\CG\GraphicsEngine\QZRayTracer-GPU\src\core\QZRayTracer.h(65,68): warning C4305: “初始化”: 从“double”到“const raytracer::Float”截断
E:\Study\CG\GraphicsEngine\QZRayTracer-GPU\src\core\QZRayTracer.h(66,71): warning C4305: “初始化”: 从“double”到“const raytracer::Float”截断
E:\Study\CG\GraphicsEngine\QZRayTracer-GPU\src\core\QZRayTracer.h(67,72): warning C4305: “初始化”: 从“double”到“const raytracer::Float”截断
E:\Study\CG\GraphicsEngine\QZRayTracer-GPU\src\core\QZRayTracer.h(68,72): warning C4305: “初始化”: 从“double”到“const raytracer::Float”截断
E:\Study\CG\GraphicsEngine\QZRayTracer-GPU\src\core\QZRayTracer.h(69,73): warning C4305: “初始化”: 从“double”到“const raytracer::Float”截断
E:\Study\CG\GraphicsEngine\QZRayTracer-GPU\src\core\QZRayTracer.h(70,73): warning C4305: “初始化”: 从“double”到“const raytracer::Float”截断
E:\Study\CG\GraphicsEngine\QZRayTracer-GPU\src\core\QZRayTracer.h(71,71): warning C4305: “初始化”: 从“double”到“const raytracer::Float”截断
E:\Study\CG\GraphicsEngine\QZRayTracer-GPU\src\core\QZRayTracer.h(72,77): warning C4305: “初始化”: 从“double”到“const raytracer::Float”截断
E:\Study\CG\GraphicsEngine\QZRayTracer-GPU\src\core\QZRayTracer.h(73,76): warning C4305: “初始化”: 从“double”到“const raytracer::Float”截断
E:\Study\CG\GraphicsEngine\QZRayTracer-GPU\src\core\QZRayTracer.h(74,58): warning C4305: “初始化”: 从“double”到“const raytracer::Float”截断
E:\Study\CG\GraphicsEngine\QZRayTracer-GPU\src\core\QZRayTracer.h(92,13): warning C4244: “=”: 从“double”转换到“raytracer::Float”，可能丢失数据
E:\Study\CG\GraphicsEngine\QZRayTracer-GPU\src\core\QZRayTracer.h(94,13): warning C4244: “=”: 从“double”转换到“raytracer::Float”，可能丢失数据
E:\Study\CG\GraphicsEngine\QZRayTracer-GPU\src\shape\cylinder.h(20,20): warning C4244: “=”: 从“double”转换到“raytracer::Float”，可能丢失数据
  shapeList.cpp
E:\Study\CG\GraphicsEngine\QZRayTracer-GPU\src\core\QZRayTracer.h(65,68): warning C4305: “初始化”: 从“double”到“const raytracer::Float”截断
E:\Study\CG\GraphicsEngine\QZRayTracer-GPU\src\core\QZRayTracer.h(66,71): warning C4305: “初始化”: 从“double”到“const raytracer::Float”截断
E:\Study\CG\GraphicsEngine\QZRayTracer-GPU\src\core\QZRayTracer.h(67,72): warning C4305: “初始化”: 从“double”到“const raytracer::Float”截断
E:\Study\CG\GraphicsEngine\QZRayTracer-GPU\src\core\QZRayTracer.h(68,72): warning C4305: “初始化”: 从“double”到“const raytracer::Float”截断
E:\Study\CG\GraphicsEngine\QZRayTracer-GPU\src\core\QZRayTracer.h(69,73): warning C4305: “初始化”: 从“double”到“const raytracer::Float”截断
E:\Study\CG\GraphicsEngine\QZRayTracer-GPU\src\core\QZRayTracer.h(70,73): warning C4305: “初始化”: 从“double”到“const raytracer::Float”截断
E:\Study\CG\GraphicsEngine\QZRayTracer-GPU\src\core\QZRayTracer.h(71,71): warning C4305: “初始化”: 从“double”到“const raytracer::Float”截断
E:\Study\CG\GraphicsEngine\QZRayTracer-GPU\src\core\QZRayTracer.h(72,77): warning C4305: “初始化”: 从“double”到“const raytracer::Float”截断
E:\Study\CG\GraphicsEngine\QZRayTracer-GPU\src\core\QZRayTracer.h(73,76): warning C4305: “初始化”: 从“double”到“const raytracer::Float”截断
E:\Study\CG\GraphicsEngine\QZRayTracer-GPU\src\core\QZRayTracer.h(74,58): warning C4305: “初始化”: 从“double”到“const raytracer::Float”截断
E:\Study\CG\GraphicsEngine\QZRayTracer-GPU\src\core\QZRayTracer.h(92,13): warning C4244: “=”: 从“double”转换到“raytracer::Float”，可能丢失数据
E:\Study\CG\GraphicsEngine\QZRayTracer-GPU\src\core\QZRayTracer.h(94,13): warning C4244: “=”: 从“double”转换到“raytracer::Float”，可能丢失数据
  sphere.cpp
E:\Study\CG\GraphicsEngine\QZRayTracer-GPU\src\core\QZRayTracer.h(65,68): warning C4305: “初始化”: 从“double”到“const raytracer::Float”截断
E:\Study\CG\GraphicsEngine\QZRayTracer-GPU\src\core\QZRayTracer.h(66,71): warning C4305: “初始化”: 从“double”到“const raytracer::Float”截断
E:\Study\CG\GraphicsEngine\QZRayTracer-GPU\src\core\QZRayTracer.h(67,72): warning C4305: “初始化”: 从“double”到“const raytracer::Float”截断
E:\Study\CG\GraphicsEngine\QZRayTracer-GPU\src\core\QZRayTracer.h(68,72): warning C4305: “初始化”: 从“double”到“const raytracer::Float”截断
E:\Study\CG\GraphicsEngine\QZRayTracer-GPU\src\core\QZRayTracer.h(69,73): warning C4305: “初始化”: 从“double”到“const raytracer::Float”截断
E:\Study\CG\GraphicsEngine\QZRayTracer-GPU\src\core\QZRayTracer.h(70,73): warning C4305: “初始化”: 从“double”到“const raytracer::Float”截断
E:\Study\CG\GraphicsEngine\QZRayTracer-GPU\src\core\QZRayTracer.h(71,71): warning C4305: “初始化”: 从“double”到“const raytracer::Float”截断
E:\Study\CG\GraphicsEngine\QZRayTracer-GPU\src\core\QZRayTracer.h(72,77): warning C4305: “初始化”: 从“double”到“const raytracer::Float”截断
E:\Study\CG\GraphicsEngine\QZRayTracer-GPU\src\core\QZRayTracer.h(73,76): warning C4305: “初始化”: 从“double”到“const raytracer::Float”截断
E:\Study\CG\GraphicsEngine\QZRayTracer-GPU\src\core\QZRayTracer.h(74,58): warning C4305: “初始化”: 从“double”到“const raytracer::Float”截断
E:\Study\CG\GraphicsEngine\QZRayTracer-GPU\src\core\QZRayTracer.h(92,13): warning C4244: “=”: 从“double”转换到“raytracer::Float”，可能丢失数据
E:\Study\CG\GraphicsEngine\QZRayTracer-GPU\src\core\QZRayTracer.h(94,13): warning C4244: “=”: 从“double”转换到“raytracer::Float”，可能丢失数据
    正在创建库 E:\Study\CG\GraphicsEngine\x64\Release\QZRayTracer-GPU.lib 和对象 E:\Study\CG\GraphicsEngine\x64\Release\QZRayTracer-GPU.exp
  正在生成代码
  Previous IPDB and IOBJ mismatch, fall back to full compilation.
  All 58 functions were compiled because no usable IPDB/IOBJ from previous compilation was found.
  已完成代码的生成
  QZRayTracer-GPU.vcxproj -> E:\Study\CG\GraphicsEngine\x64\Release\QZRayTracer-GPU.exe
